This is pdfTeX, Version 3.1415926-2.4-1.40.13 (MiKTeX 2.9) (preloaded format=pdflatex 2013.1.24)  25 JAN 2013 10:49
entering extended mode
**\documentclass[twocolumn]{article}

*\author{Todd Davies}
("C:\Program Files\MiKTeX 2.9\tex\latex\base\article.cls"
Document Class: article 2007/10/19 v1.4h Standard LaTeX document class
("C:\Program Files\MiKTeX 2.9\tex\latex\base\size10.clo"
File: size10.clo 2007/10/19 v1.4h Standard LaTeX file (size option)
)
\c@part=\count79
\c@section=\count80
\c@subsection=\count81
\c@subsubsection=\count82
\c@paragraph=\count83
\c@subparagraph=\count84
\c@figure=\count85
\c@table=\count86
\abovecaptionskip=\skip41
\belowcaptionskip=\skip42
\bibindent=\dimen102
)
*\title{Half equation practice}

*\begin{document}
(C:\Users\Laptop\Dropbox\Backups\Java\Half_Equation_Generator\texput.aux)
LaTeX Font Info:    Checking defaults for OML/cmm/m/it on input line 0.
LaTeX Font Info:    ... okay on input line 0.
LaTeX Font Info:    Checking defaults for T1/cmr/m/n on input line 0.
LaTeX Font Info:    ... okay on input line 0.
LaTeX Font Info:    Checking defaults for OT1/cmr/m/n on input line 0.
LaTeX Font Info:    ... okay on input line 0.
LaTeX Font Info:    Checking defaults for OMS/cmsy/m/n on input line 0.
LaTeX Font Info:    ... okay on input line 0.
LaTeX Font Info:    Checking defaults for OMX/cmex/m/n on input line 0.
LaTeX Font Info:    ... okay on input line 0.
LaTeX Font Info:    Checking defaults for U/cmr/m/n on input line 0.
LaTeX Font Info:    ... okay on input line 0.

*\maketitle
LaTeX Font Info:    External font `cmex10' loaded for size
(Font)              <12> on input line 0.
LaTeX Font Info:    External font `cmex10' loaded for size
(Font)              <8> on input line 0.
LaTeX Font Info:    External font `cmex10' loaded for size
(Font)              <6> on input line 0.

*\begin{enumerate}

*
(Please type a command or say `\end')
*    \item \[ \textunderscore\textunderscore Mg^{2+}_{} + \textunderscore\textu
nderscore e^{-}_{} \rightarrow \textunderscore\textunderscore Mg^{}_{2} \]
LaTeX Font Info:    External font `cmex10' loaded for size
(Font)              <7> on input line 0.
LaTeX Font Info:    External font `cmex10' loaded for size
(Font)              <5> on input line 0.

LaTeX Warning: Command \textunderscore invalid in math mode on input line 0.


LaTeX Warning: Command \textunderscore invalid in math mode on input line 0.


LaTeX Warning: Command \textunderscore invalid in math mode on input line 0.


LaTeX Warning: Command \textunderscore invalid in math mode on input line 0.


LaTeX Warning: Command \textunderscore invalid in math mode on input line 0.


LaTeX Warning: Command \textunderscore invalid in math mode on input line 0.


*
(Please type a command or say `\end')
*    \item \[ \textunderscore\textunderscore I^{-}_{} + \textunderscore\textund
erscore e^{-}_{} \rightarrow \textunderscore\textunderscore I^{}_{} \]

LaTeX Warning: Command \textunderscore invalid in math mode on input line 0.


LaTeX Warning: Command \textunderscore invalid in math mode on input line 0.


LaTeX Warning: Command \textunderscore invalid in math mode on input line 0.


LaTeX Warning: Command \textunderscore invalid in math mode on input line 0.


LaTeX Warning: Command \textunderscore invalid in math mode on input line 0.


LaTeX Warning: Command \textunderscore invalid in math mode on input line 0.


*
(Please type a command or say `\end')
*    \item \[ \textunderscore\textunderscore Pb^{2+}_{} + \textunderscore\textu
nderscore e^{-}_{} \rightarrow 4 Pb^{}_{2} \]

LaTeX Warning: Command \textunderscore invalid in math mode on input line 0.


LaTeX Warning: Command \textunderscore invalid in math mode on input line 0.


LaTeX Warning: Command \textunderscore invalid in math mode on input line 0.


LaTeX Warning: Command \textunderscore invalid in math mode on input line 0.


*
(Please type a command or say `\end')
*    \item \[ \textunderscore\textunderscore Al^{3+}_{} + \textunderscore\textu
nderscore e^{-}_{} \rightarrow 3 Al^{}_{2} \]

LaTeX Warning: Command \textunderscore invalid in math mode on input line 0.


LaTeX Warning: Command \textunderscore invalid in math mode on input line 0.


LaTeX Warning: Command \textunderscore invalid in math mode on input line 0.


LaTeX Warning: Command \textunderscore invalid in math mode on input line 0.


*
(Please type a command or say `\end')
*    \item \[ \textunderscore\textunderscore Li^{+}_{} + \textunderscore\textun
derscore e^{-}_{} \rightarrow  Li^{}_{} \]

LaTeX Warning: Command \textunderscore invalid in math mode on input line 0.


LaTeX Warning: Command \textunderscore invalid in math mode on input line 0.


LaTeX Warning: Command \textunderscore invalid in math mode on input line 0.


LaTeX Warning: Command \textunderscore invalid in math mode on input line 0.


*
(Please type a command or say `\end')
*    \item \[ \textunderscore\textunderscore O^{2-}_{} \rightarrow \textundersc
ore\textunderscore O^{}_{2} + \textunderscore\textunderscore e^{-}_{} \]

LaTeX Warning: Command \textunderscore invalid in math mode on input line 0.


LaTeX Warning: Command \textunderscore invalid in math mode on input line 0.


LaTeX Warning: Command \textunderscore invalid in math mode on input line 0.


LaTeX Warning: Command \textunderscore invalid in math mode on input line 0.


LaTeX Warning: Command \textunderscore invalid in math mode on input line 0.


LaTeX Warning: Command \textunderscore invalid in math mode on input line 0.


*
(Please type a command or say `\end')
*    \item \[ \textunderscore\textunderscore I^{-}_{} + \textunderscore\textund
erscore e^{-}_{} \rightarrow \textunderscore\textunderscore I^{}_{} \]

LaTeX Warning: Command \textunderscore invalid in math mode on input line 0.


LaTeX Warning: Command \textunderscore invalid in math mode on input line 0.


LaTeX Warning: Command \textunderscore invalid in math mode on input line 0.


LaTeX Warning: Command \textunderscore invalid in math mode on input line 0.


LaTeX Warning: Command \textunderscore invalid in math mode on input line 0.


LaTeX Warning: Command \textunderscore invalid in math mode on input line 0.


*
(Please type a command or say `\end')
*    \item \[ \textunderscore\textunderscore I^{-}_{} + \textunderscore\textund
erscore e^{-}_{} \rightarrow  I^{}_{} \]

LaTeX Warning: Command \textunderscore invalid in math mode on input line 0.


LaTeX Warning: Command \textunderscore invalid in math mode on input line 0.


LaTeX Warning: Command \textunderscore invalid in math mode on input line 0.


LaTeX Warning: Command \textunderscore invalid in math mode on input line 0.


*
(Please type a command or say `\end')
*    \item \[ \textunderscore\textunderscore S^{2-}_{} \rightarrow \textundersc
ore\textunderscore S^{}_{2} + \textunderscore\textunderscore e^{-}_{} \]

LaTeX Warning: Command \textunderscore invalid in math mode on input line 0.


LaTeX Warning: Command \textunderscore invalid in math mode on input line 0.


LaTeX Warning: Command \textunderscore invalid in math mode on input line 0.


LaTeX Warning: Command \textunderscore invalid in math mode on input line 0.


LaTeX Warning: Command \textunderscore invalid in math mode on input line 0.


LaTeX Warning: Command \textunderscore invalid in math mode on input line 0.


*
(Please type a command or say `\end')
*    \item \[ \textunderscore\textunderscore Mg^{2+}_{} + \textunderscore\textu
nderscore e^{-}_{} \rightarrow \textunderscore\textunderscore Mg^{}_{2} \]

LaTeX Warning: Command \textunderscore invalid in math mode on input line 0.


LaTeX Warning: Command \textunderscore invalid in math mode on input line 0.


LaTeX Warning: Command \textunderscore invalid in math mode on input line 0.


LaTeX Warning: Command \textunderscore invalid in math mode on input line 0.


LaTeX Warning: Command \textunderscore invalid in math mode on input line 0.


LaTeX Warning: Command \textunderscore invalid in math mode on input line 0.


*
(Please type a command or say `\end')
*\end{enumerate}

*
(Please type a command or say `\end')
*\end{document}
[1{C:/ProgramData/MiKTeX/2.9/pdftex/config/pdftex.map}



]
(C:\Users\Laptop\Dropbox\Backups\Java\Half_Equation_Generator\texput.aux) 
Here is how much of TeX's memory you used:
 224 strings out of 493921
 2635 string characters out of 3147279
 54031 words of memory out of 3000000
 3598 multiletter control sequences out of 15000+200000
 6675 words of font info for 24 fonts, out of 3000000 for 9000
 841 hyphenation exceptions out of 8191
 22i,7n,19p,173b,207s stack positions out of 5000i,500n,10000p,200000b,50000s
<C:/Pr
ogram Files/MiKTeX 2.9/fonts/type1/public/amsfonts/cm/cmmi10.pfb><C:/Program Fi
les/MiKTeX 2.9/fonts/type1/public/amsfonts/cm/cmr10.pfb><C:/Program Files/MiKTe
X 2.9/fonts/type1/public/amsfonts/cm/cmr12.pfb><C:/Program Files/MiKTeX 2.9/fon
ts/type1/public/amsfonts/cm/cmr17.pfb><C:/Program Files/MiKTeX 2.9/fonts/type1/
public/amsfonts/cm/cmr7.pfb><C:/Program Files/MiKTeX 2.9/fonts/type1/public/ams
fonts/cm/cmsy10.pfb><C:/Program Files/MiKTeX 2.9/fonts/type1/public/amsfonts/cm
/cmsy7.pfb>
Output written on texput.pdf (1 page, 67949 bytes).
PDF statistics:
 34 PDF objects out of 1000 (max. 8388607)
 0 named destinations out of 1000 (max. 500000)
 1 words of extra memory for PDF output out of 10000 (max. 10000000)

